Traceback (most recent call last):
  File "/home/lxy/code/compete/ccf_edupre/txt2poi/main.py", line 1, in <module>
    from .tianditu_loc import tianditu_api
ImportError: attempted relative import with no known parent package
Traceback (most recent call last):
  File "/home/lxy/code/compete/ccf_edupre/txt2poi/main.py", line 3, in <module>
    from .tianditu_loc import tianditu_api
ImportError: attempted relative import with no known parent package
Traceback (most recent call last):
  File "/home/lxy/code/compete/ccf_edupre/txt2poi/main.py", line 3, in <module>
    from tianditu_loc import tianditu_api
  File "/home/lxy/code/compete/ccf_edupre/txt2poi/tianditu_loc.py", line 3, in <module>
    from .gaode_loc import gaode_api
ImportError: attempted relative import with no known parent package
Traceback (most recent call last):
  File "/home/lxy/code/compete/ccf_edupre/txt2poi/main.py", line 3, in <module>
    from tianditu_loc import tianditu_api
  File "/home/lxy/code/compete/ccf_edupre/txt2poi/tianditu_loc.py", line 3, in <module>
    from .gaode_loc import gaode_api
ImportError: attempted relative import with no known parent package
