Model:arima SubModel:arima
各区中不同类型学校数量:
义乌市：{'学前教育': 348, '初等教育': 67, '中等教育': 40}
余杭区：{'学前教育': 145, '初等教育': 59, '中等教育': 59}
海曙区：{'学前教育': 129, '初等教育': 41, '中等教育': 37}
西湖区：{'学前教育': 86, '初等教育': 29, '中等教育': 40}
德清县：{'学前教育': 41, '初等教育': 17, '中等教育': 26}
各区中不同类型学校占全省数量的比例:
义乌市：{'学前教育': 0.04345111749282057, '初等教育': 0.020303030303030302, '中等教育': 0.016877637130801686}
余杭区：{'学前教育': 0.01810463228867524, '初等教育': 0.01787878787878788, '中等教育': 0.024894514767932488}
海曙区：{'学前教育': 0.016106879760269695, '初等教育': 0.012424242424242424, '中等教育': 0.015611814345991562}
西湖区：{'学前教育': 0.010737919840179798, '初等教育': 0.008787878787878787, '中等教育': 0.016877637130801686}
德清县：{'学前教育': 0.005119240854039206, '初等教育': 0.005151515151515152, '中等教育': 0.010970464135021098}
未来五年义乌市的学前教育学校数发展趋势为：
340, 333, 326, 319, 311, 304
未来五年余杭区的学前教育学校数发展趋势为：
141, 138, 135, 132, 129, 126
未来五年海曙区的学前教育学校数发展趋势为：
126, 123, 120, 118, 115, 112
未来五年西湖区的学前教育学校数发展趋势为：
84, 82, 80, 78, 77, 75
未来五年德清县的学前教育学校数发展趋势为：
40, 39, 38, 37, 36, 35
未来五年义乌市的初等教育学校数发展趋势为：
67, 67, 67, 67, 67, 67
未来五年余杭区的初等教育学校数发展趋势为：
59, 59, 59, 59, 59, 59
未来五年海曙区的初等教育学校数发展趋势为：
41, 41, 41, 41, 41, 41
未来五年西湖区的初等教育学校数发展趋势为：
28, 28, 28, 28, 28, 28
未来五年德清县的初等教育学校数发展趋势为：
17, 17, 17, 17, 17, 17
未来五年义乌市的中等教育学校数发展趋势为：
40, 40, 41, 41, 42, 42
未来五年余杭区的中等教育学校数发展趋势为：
59, 60, 60, 61, 62, 62
未来五年海曙区的中等教育学校数发展趋势为：
37, 37, 38, 38, 38, 39
未来五年西湖区的中等教育学校数发展趋势为：
40, 40, 41, 41, 42, 42
未来五年德清县的中等教育学校数发展趋势为：
26, 26, 26, 27, 27, 27
未来五年幼儿园平均人数的发展趋势为：
255, 262, 269, 277, 284, 291
未来五年小学平均人数的发展趋势为：
1146, 1163, 1179, 1196, 1213, 1230
未来五年中学平均人数的发展趋势为：
1031, 1030, 1029, 1029, 1028, 1027
Model:poly SubModel:arima
各区中不同类型学校数量:
义乌市：{'学前教育': 348, '初等教育': 67, '中等教育': 40}
余杭区：{'学前教育': 145, '初等教育': 59, '中等教育': 59}
海曙区：{'学前教育': 129, '初等教育': 41, '中等教育': 37}
西湖区：{'学前教育': 86, '初等教育': 29, '中等教育': 40}
德清县：{'学前教育': 41, '初等教育': 17, '中等教育': 26}
各区中不同类型学校占全省数量的比例:
义乌市：{'学前教育': 0.04345111749282057, '初等教育': 0.020303030303030302, '中等教育': 0.016877637130801686}
余杭区：{'学前教育': 0.01810463228867524, '初等教育': 0.01787878787878788, '中等教育': 0.024894514767932488}
海曙区：{'学前教育': 0.016106879760269695, '初等教育': 0.012424242424242424, '中等教育': 0.015611814345991562}
西湖区：{'学前教育': 0.010737919840179798, '初等教育': 0.008787878787878787, '中等教育': 0.016877637130801686}
德清县：{'学前教育': 0.005119240854039206, '初等教育': 0.005151515151515152, '中等教育': 0.010970464135021098}
未来五年义乌市的学前教育学校数发展趋势为：
359, 362, 366, 373, 383, 395
未来五年余杭区的学前教育学校数发展趋势为：
149, 150, 152, 155, 159, 164
未来五年海曙区的学前教育学校数发展趋势为：
133, 134, 135, 138, 142, 146
未来五年西湖区的学前教育学校数发展趋势为：
88, 89, 90, 92, 94, 97
未来五年德清县的学前教育学校数发展趋势为：
42, 42, 43, 44, 45, 46
未来五年义乌市的初等教育学校数发展趋势为：
142, 175, 212, 254, 302, 355
未来五年余杭区的初等教育学校数发展趋势为：
125, 154, 187, 224, 266, 313
未来五年海曙区的初等教育学校数发展趋势为：
87, 107, 130, 156, 185, 217
未来五年西湖区的初等教育学校数发展趋势为：
61, 75, 92, 110, 130, 153
未来五年德清县的初等教育学校数发展趋势为：
36, 44, 53, 64, 76, 90
未来五年义乌市的中等教育学校数发展趋势为：
38, 39, 39, 40, 40, 41
未来五年余杭区的中等教育学校数发展趋势为：
57, 57, 58, 59, 60, 61
未来五年海曙区的中等教育学校数发展趋势为：
35, 36, 36, 37, 37, 38
未来五年西湖区的中等教育学校数发展趋势为：
38, 39, 39, 40, 40, 41
未来五年德清县的中等教育学校数发展趋势为：
25, 25, 25, 26, 26, 27
未来五年幼儿园平均人数的发展趋势为：
264, 274, 283, 293, 302, 312
未来五年小学平均人数的发展趋势为：
1238, 1267, 1293, 1317, 1337, 1354
未来五年中学平均人数的发展趋势为：
891, 837, 775, 705, 627, 541
Model:panet SubModel:arima
各区中不同类型学校数量:
义乌市：{'学前教育': 348, '初等教育': 67, '中等教育': 40}
余杭区：{'学前教育': 145, '初等教育': 59, '中等教育': 59}
海曙区：{'学前教育': 129, '初等教育': 41, '中等教育': 37}
西湖区：{'学前教育': 86, '初等教育': 29, '中等教育': 40}
德清县：{'学前教育': 41, '初等教育': 17, '中等教育': 26}
各区中不同类型学校占全省数量的比例:
义乌市：{'学前教育': 0.04345111749282057, '初等教育': 0.020303030303030302, '中等教育': 0.016877637130801686}
余杭区：{'学前教育': 0.01810463228867524, '初等教育': 0.01787878787878788, '中等教育': 0.024894514767932488}
海曙区：{'学前教育': 0.016106879760269695, '初等教育': 0.012424242424242424, '中等教育': 0.015611814345991562}
西湖区：{'学前教育': 0.010737919840179798, '初等教育': 0.008787878787878787, '中等教育': 0.016877637130801686}
德清县：{'学前教育': 0.005119240854039206, '初等教育': 0.005151515151515152, '中等教育': 0.010970464135021098}
未来五年义乌市的学前教育学校数发展趋势为：
466, 468, 470, 472, 474, 476
未来五年余杭区的学前教育学校数发展趋势为：
194, 195, 196, 196, 197, 198
未来五年海曙区的学前教育学校数发展趋势为：
173, 173, 174, 175, 175, 176
未来五年西湖区的学前教育学校数发展趋势为：
115, 115, 116, 116, 117, 117
未来五年德清县的学前教育学校数发展趋势为：
55, 55, 55, 55, 55, 56
未来五年义乌市的初等教育学校数发展趋势为：
74, 74, 74, 73, 73, 73
未来五年余杭区的初等教育学校数发展趋势为：
65, 65, 65, 65, 64, 64
未来五年海曙区的初等教育学校数发展趋势为：
45, 45, 45, 45, 45, 45
未来五年西湖区的初等教育学校数发展趋势为：
32, 32, 32, 32, 31, 31
未来五年德清县的初等教育学校数发展趋势为：
18, 18, 18, 18, 18, 18
未来五年义乌市的中等教育学校数发展趋势为：
24, 24, 24, 24, 24, 24
未来五年余杭区的中等教育学校数发展趋势为：
36, 36, 36, 36, 36, 36
未来五年海曙区的中等教育学校数发展趋势为：
22, 22, 22, 22, 22, 22
未来五年西湖区的中等教育学校数发展趋势为：
24, 24, 24, 24, 24, 24
未来五年德清县的中等教育学校数发展趋势为：
15, 15, 16, 16, 16, 16
未来五年幼儿园平均人数的发展趋势为：
6, 7, 7, 7, 8, 8
未来五年小学平均人数的发展趋势为：
321, 322, 323, 324, 325, 326
未来五年中学平均人数的发展趋势为：
392, 392, 392, 392, 392, 392
Model:lgbm SubModel:arima
各区中不同类型学校数量:
义乌市：{'学前教育': 348, '初等教育': 67, '中等教育': 40}
余杭区：{'学前教育': 145, '初等教育': 59, '中等教育': 59}
海曙区：{'学前教育': 129, '初等教育': 41, '中等教育': 37}
西湖区：{'学前教育': 86, '初等教育': 29, '中等教育': 40}
德清县：{'学前教育': 41, '初等教育': 17, '中等教育': 26}
各区中不同类型学校占全省数量的比例:
义乌市：{'学前教育': 0.04345111749282057, '初等教育': 0.020303030303030302, '中等教育': 0.016877637130801686}
余杭区：{'学前教育': 0.01810463228867524, '初等教育': 0.01787878787878788, '中等教育': 0.024894514767932488}
海曙区：{'学前教育': 0.016106879760269695, '初等教育': 0.012424242424242424, '中等教育': 0.015611814345991562}
西湖区：{'学前教育': 0.010737919840179798, '初等教育': 0.008787878787878787, '中等教育': 0.016877637130801686}
德清县：{'学前教育': 0.005119240854039206, '初等教育': 0.005151515151515152, '中等教育': 0.010970464135021098}
未来五年义乌市的学前教育学校数发展趋势为：
350, 350, 350, 350, 350, 350
未来五年余杭区的学前教育学校数发展趋势为：
146, 146, 146, 146, 146, 146
未来五年海曙区的学前教育学校数发展趋势为：
130, 130, 130, 130, 130, 130
未来五年西湖区的学前教育学校数发展趋势为：
86, 86, 86, 86, 86, 86
未来五年德清县的学前教育学校数发展趋势为：
41, 41, 41, 41, 41, 41
未来五年义乌市的初等教育学校数发展趋势为：
67, 67, 67, 67, 67, 67
未来五年余杭区的初等教育学校数发展趋势为：
59, 59, 59, 59, 59, 59
未来五年海曙区的初等教育学校数发展趋势为：
41, 41, 41, 41, 41, 41
未来五年西湖区的初等教育学校数发展趋势为：
29, 29, 29, 29, 29, 29
未来五年德清县的初等教育学校数发展趋势为：
17, 17, 17, 17, 17, 17
未来五年义乌市的中等教育学校数发展趋势为：
39, 39, 39, 39, 39, 39
未来五年余杭区的中等教育学校数发展趋势为：
58, 58, 58, 58, 58, 58
未来五年海曙区的中等教育学校数发展趋势为：
36, 36, 36, 36, 36, 36
未来五年西湖区的中等教育学校数发展趋势为：
39, 39, 39, 39, 39, 39
未来五年德清县的中等教育学校数发展趋势为：
25, 25, 25, 25, 25, 25
未来五年幼儿园平均人数的发展趋势为：
247, 247, 247, 247, 247, 247
未来五年小学平均人数的发展趋势为：
1126, 1126, 1126, 1126, 1126, 1126
未来五年中学平均人数的发展趋势为：
1030, 1030, 1030, 1030, 1030, 1030
Model:lgbm SubModel:poly
各区中不同类型学校数量:
义乌市：{'学前教育': 348, '初等教育': 67, '中等教育': 40}
余杭区：{'学前教育': 145, '初等教育': 59, '中等教育': 59}
海曙区：{'学前教育': 129, '初等教育': 41, '中等教育': 37}
西湖区：{'学前教育': 86, '初等教育': 29, '中等教育': 40}
德清县：{'学前教育': 41, '初等教育': 17, '中等教育': 26}
各区中不同类型学校占全省数量的比例:
义乌市：{'学前教育': 0.04345111749282057, '初等教育': 0.020303030303030302, '中等教育': 0.016877637130801686}
余杭区：{'学前教育': 0.01810463228867524, '初等教育': 0.01787878787878788, '中等教育': 0.024894514767932488}
海曙区：{'学前教育': 0.016106879760269695, '初等教育': 0.012424242424242424, '中等教育': 0.015611814345991562}
西湖区：{'学前教育': 0.010737919840179798, '初等教育': 0.008787878787878787, '中等教育': 0.016877637130801686}
德清县：{'学前教育': 0.005119240854039206, '初等教育': 0.005151515151515152, '中等教育': 0.010970464135021098}
未来五年义乌市的学前教育学校数发展趋势为：
350, 350, 350, 350, 350, 350
未来五年余杭区的学前教育学校数发展趋势为：
146, 146, 146, 146, 146, 146
未来五年海曙区的学前教育学校数发展趋势为：
130, 130, 130, 130, 130, 130
未来五年西湖区的学前教育学校数发展趋势为：
86, 86, 86, 86, 86, 86
未来五年德清县的学前教育学校数发展趋势为：
41, 41, 41, 41, 41, 41
未来五年义乌市的初等教育学校数发展趋势为：
67, 67, 67, 67, 67, 67
未来五年余杭区的初等教育学校数发展趋势为：
59, 59, 59, 59, 59, 59
未来五年海曙区的初等教育学校数发展趋势为：
41, 41, 41, 41, 41, 41
未来五年西湖区的初等教育学校数发展趋势为：
29, 29, 29, 29, 29, 29
未来五年德清县的初等教育学校数发展趋势为：
17, 17, 17, 17, 17, 17
未来五年义乌市的中等教育学校数发展趋势为：
39, 39, 39, 39, 39, 39
未来五年余杭区的中等教育学校数发展趋势为：
58, 58, 58, 58, 58, 58
未来五年海曙区的中等教育学校数发展趋势为：
36, 36, 36, 36, 36, 36
未来五年西湖区的中等教育学校数发展趋势为：
39, 39, 39, 39, 39, 39
未来五年德清县的中等教育学校数发展趋势为：
25, 25, 25, 25, 25, 25
未来五年幼儿园平均人数的发展趋势为：
247, 247, 247, 247, 247, 247
未来五年小学平均人数的发展趋势为：
1126, 1126, 1126, 1126, 1126, 1126
未来五年中学平均人数的发展趋势为：
1030, 1030, 1030, 1030, 1030, 1030
Model:lgbm SubModel:panet
各区中不同类型学校数量:
义乌市：{'学前教育': 348, '初等教育': 67, '中等教育': 40}
余杭区：{'学前教育': 145, '初等教育': 59, '中等教育': 59}
海曙区：{'学前教育': 129, '初等教育': 41, '中等教育': 37}
西湖区：{'学前教育': 86, '初等教育': 29, '中等教育': 40}
德清县：{'学前教育': 41, '初等教育': 17, '中等教育': 26}
各区中不同类型学校占全省数量的比例:
义乌市：{'学前教育': 0.04345111749282057, '初等教育': 0.020303030303030302, '中等教育': 0.016877637130801686}
余杭区：{'学前教育': 0.01810463228867524, '初等教育': 0.01787878787878788, '中等教育': 0.024894514767932488}
海曙区：{'学前教育': 0.016106879760269695, '初等教育': 0.012424242424242424, '中等教育': 0.015611814345991562}
西湖区：{'学前教育': 0.010737919840179798, '初等教育': 0.008787878787878787, '中等教育': 0.016877637130801686}
德清县：{'学前教育': 0.005119240854039206, '初等教育': 0.005151515151515152, '中等教育': 0.010970464135021098}
未来五年义乌市的学前教育学校数发展趋势为：
350, 350, 350, 350, 350, 350
未来五年余杭区的学前教育学校数发展趋势为：
146, 146, 146, 146, 146, 146
未来五年海曙区的学前教育学校数发展趋势为：
130, 130, 130, 130, 130, 130
未来五年西湖区的学前教育学校数发展趋势为：
86, 86, 86, 86, 86, 86
未来五年德清县的学前教育学校数发展趋势为：
41, 41, 41, 41, 41, 41
未来五年义乌市的初等教育学校数发展趋势为：
67, 67, 67, 67, 67, 67
未来五年余杭区的初等教育学校数发展趋势为：
59, 59, 59, 59, 59, 59
未来五年海曙区的初等教育学校数发展趋势为：
41, 41, 41, 41, 41, 41
未来五年西湖区的初等教育学校数发展趋势为：
29, 29, 29, 29, 29, 29
未来五年德清县的初等教育学校数发展趋势为：
17, 17, 17, 17, 17, 17
未来五年义乌市的中等教育学校数发展趋势为：
39, 39, 39, 39, 39, 39
未来五年余杭区的中等教育学校数发展趋势为：
58, 58, 58, 58, 58, 58
未来五年海曙区的中等教育学校数发展趋势为：
36, 36, 36, 36, 36, 36
未来五年西湖区的中等教育学校数发展趋势为：
39, 39, 39, 39, 39, 39
未来五年德清县的中等教育学校数发展趋势为：
25, 25, 25, 25, 25, 25
未来五年幼儿园平均人数的发展趋势为：
247, 247, 247, 247, 247, 247
未来五年小学平均人数的发展趋势为：
1126, 1126, 1126, 1126, 1126, 1126
未来五年中学平均人数的发展趋势为：
1030, 1030, 1030, 1030, 1030, 1030
